Using pre-set license
Built from '2021.1/staging' branch; Version is '2021.1.5f1 (3737af19df53) revision 3618735'; Using compiler version '192528614'; Build Type 'Release'
OS: 'Windows 10 Pro; OS build 18363.1500; Version 1909; 64bit' Language: 'fr' Physical Memory: 16316 MB
BatchMode: 1, IsHumanControllingUs: 0, StartBugReporterOnCrash: 0, Is64bit: 1, IsPro: 0

 COMMAND LINE ARGUMENTS:
C:\Program Files\UnityEditor\2021.1.5f1\Editor\Unity.exe
-adb2
-batchMode
-noUpm
-name
AssetImportWorker2
-projectPath
D:/Dev/DaxxasWorld
-logFile
Logs/AssetImportWorker2.log
-srvPort
7957
Successfully changed project path to: D:/Dev/DaxxasWorld
D:/Dev/DaxxasWorld
Using Asset Import Pipeline V2.
Refreshing native plugins compatible for Editor in 174.23 ms, found 2 plugins.
Preloading 0 native plugins for Editor in 0.00 ms.
Initialize engine version: 2021.1.5f1 (3737af19df53)
[Subsystems] Discovering subsystems at path C:/Program Files/UnityEditor/2021.1.5f1/Editor/Data/Resources/UnitySubsystems
[Subsystems] Discovering subsystems at path D:/Dev/DaxxasWorld/Assets
GfxDevice: creating device client; threaded=0; jobified=0
Direct3D:
    Version:  Direct3D 11.0 [level 11.1]
    Renderer: NVIDIA GeForce RTX 3080 (ID=0x2206)
    Vendor:   NVIDIA
    VRAM:     10077 MB
    Driver:   27.21.14.6089
Shader 'MoreMountains/MMRipple': fallback shader 'Particle/AlphaBlended' not found
Initialize mono
Mono path[0] = 'C:/Program Files/UnityEditor/2021.1.5f1/Editor/Data/Managed'
Mono path[1] = 'C:/Program Files/UnityEditor/2021.1.5f1/Editor/Data/MonoBleedingEdge/lib/mono/unityjit'
Mono config path = 'C:/Program Files/UnityEditor/2021.1.5f1/Editor/Data/MonoBleedingEdge/etc'
Using monoOptions --debugger-agent=transport=dt_socket,embedding=1,server=y,suspend=n,address=127.0.0.1:56900
Begin MonoManager ReloadAssembly
Registering precompiled unity dll's ...
Register platform support module: C:/Program Files/UnityEditor/2021.1.5f1/Editor/Data/PlaybackEngines/WebGLSupport/UnityEditor.WebGL.Extensions.dll
Register platform support module: C:/Program Files/UnityEditor/2021.1.5f1/Editor/Data/PlaybackEngines/WindowsStandaloneSupport/UnityEditor.WindowsStandalone.Extensions.dll
Registered in 0.002982 seconds.
Native extension for WindowsStandalone target not found
Native extension for WebGL target not found
Refreshing native plugins compatible for Editor in 185.15 ms, found 2 plugins.
Preloading 0 native plugins for Editor in 0.00 ms.
Mono: successfully reloaded assembly
- Completed reload, in  2.273 seconds
Platform modules already initialized, skipping
Registering precompiled user dll's ...
Registered in 0.008696 seconds.
Begin MonoManager ReloadAssembly
Native extension for WindowsStandalone target not found
Native extension for WebGL target not found
Refreshing native plugins compatible for Editor in 180.39 ms, found 2 plugins.
Preloading 0 native plugins for Editor in 0.00 ms.
Find all reader and writers took 159 milliseconds
Script Module: UnityEngine.UI.dll
Weave behaviours and messages took79 milliseconds
Find all reader and writers took 124 milliseconds
Script Module: UnityEngine.TestRunner.dll
Weave behaviours and messages took18 milliseconds
Find all reader and writers took 135 milliseconds
Script Module: Unity.Mathematics.dll
Weave behaviours and messages took181 milliseconds
Find all reader and writers took 130 milliseconds
Script Module: MoreMountains.Feedbacks.dll
Weave behaviours and messages took33 milliseconds
Find all reader and writers took 138 milliseconds
Script Module: Unity.InputSystem.dll
Weave behaviours and messages took178 milliseconds
Find all reader and writers took 124 milliseconds
Script Module: SimpleWebTransport.dll
Weave behaviours and messages took5 milliseconds
Find all reader and writers took 140 milliseconds
Script Module: Unity.VisualScripting.State.dll
Weave behaviours and messages took4 milliseconds
Find all reader and writers took 123 milliseconds
Script Module: Unity.VisualScripting.Core.dll
Weave behaviours and messages took134 milliseconds
Find all reader and writers took 129 milliseconds
Script Module: Unity.VisualScripting.Flow.dll
Weave behaviours and messages took81 milliseconds
Find all reader and writers took 130 milliseconds
Script Module: MoreMountains.NiceVibrations.Haptics.dll
Weave behaviours and messages took2 milliseconds
Find all reader and writers took 126 milliseconds
Script Module: MoreMountains.Feel.Demos.dll
Weave behaviours and messages took10 milliseconds
Find all reader and writers took 152 milliseconds
Script Module: MoreMountains.Tools.dll
Weave behaviours and messages took100 milliseconds
Find all reader and writers took 134 milliseconds
Script Module: Unity.2D.Animation.Runtime.dll
Weave behaviours and messages took5 milliseconds
Find all reader and writers took 145 milliseconds
Script Module: Unity.TextMeshPro.dll
Weave behaviours and messages took75 milliseconds
Find all reader and writers took 125 milliseconds
Script Module: MoreMountains.NiceVibrations.Demos.dll
Weave behaviours and messages took13 milliseconds
Find all reader and writers took 139 milliseconds
Script Module: Cinemachine.dll
Weave behaviours and messages took57 milliseconds
Find all reader and writers took 126 milliseconds
Script Module: Unity.Timeline.dll
Weave behaviours and messages took23 milliseconds
Find all reader and writers took 131 milliseconds
Script Module: Unity.Postprocessing.Runtime.dll
Weave behaviours and messages took21 milliseconds
Find all reader and writers took 131 milliseconds
Script Module: MoreMountains.Feedbacks.MMTools.dll
Weave behaviours and messages took13 milliseconds
Find all reader and writers took 142 milliseconds
Script Module: Assembly-CSharp-firstpass.dll
Weave behaviours and messages took1 milliseconds
Find all reader and writers took 136 milliseconds
Script Module: Telepathy.dll
Weave behaviours and messages took2 milliseconds
Find all reader and writers took 132 milliseconds
Script Module: Unity.2D.SpriteShape.Runtime.dll
Weave behaviours and messages took25 milliseconds
Find all reader and writers took 113 milliseconds
Script Module: Unity.2D.Animation.Triangle.Runtime.dll
Weave behaviours and messages took48 milliseconds
Find all reader and writers took 123 milliseconds
Script Module: MoreMountains.Tools.Feedbacks.dll
Weave behaviours and messages took2 milliseconds
Find all reader and writers took 133 milliseconds
Script Module: Unity.2D.PixelPerfect.dll
Weave behaviours and messages took1 milliseconds
Find all reader and writers took 126 milliseconds
Script Module: Sirenix.OdinInspector.CompatibilityLayer.dll
Weave behaviours and messages took0 milliseconds
Find all reader and writers took 122 milliseconds
Script Module: Mirror.Cloud.dll
Weave behaviours and messages took8 milliseconds
Find all reader and writers took 133 milliseconds
Script Module: Unity.2D.IK.Runtime.dll
Weave behaviours and messages took5 milliseconds
Find all reader and writers took 130 milliseconds
Script Module: kcp2k.dll
Weave behaviours and messages took3 milliseconds
Find all reader and writers took 118 milliseconds
Script Module: Mirror.Examples.Cloud.GUI.dll
Weave behaviours and messages took2 milliseconds
Find all reader and writers took 130 milliseconds
Script Module: MoreMountains.NiceVibrations.dll
Weave behaviours and messages took1 milliseconds
Find all reader and writers took 135 milliseconds
Script Module: Unity.2D.Common.Runtime.dll
Weave behaviours and messages took0 milliseconds
Find all reader and writers took 117 milliseconds
Script Module: Unity.InternalAPIEngineBridge.001.dll
Weave behaviours and messages took0 milliseconds
Find all reader and writers took 134 milliseconds
Script Module: MoreMountains.Feedbacks.NiceVibrations.dll
Weave behaviours and messages took1 milliseconds
Find all reader and writers took 155 milliseconds
Script Module: com.unity.cinemachine.editor.dll
Weave behaviours and messages took36 milliseconds
Find all reader and writers took 140 milliseconds
Script Module: VSSettingsProvider.dll
Weave behaviours and messages took1 milliseconds
Find all reader and writers took 176 milliseconds
Script Module: UnityEditor.TestRunner.dll
Weave behaviours and messages took28 milliseconds
Find all reader and writers took 154 milliseconds
Script Module: ParrelSync.dll
Weave behaviours and messages took2 milliseconds
Find all reader and writers took 138 milliseconds
Script Module: PsdPlugin.dll
Weave behaviours and messages took11 milliseconds
Find all reader and writers took 123 milliseconds
Script Module: Mirror.CompilerSymbols.dll
Weave behaviours and messages took0 milliseconds
Find all reader and writers took 161 milliseconds
Script Module: UnityEditor.UI.dll
Weave behaviours and messages took24 milliseconds
Find all reader and writers took 157 milliseconds
Script Module: Unity.InternalAPIEditorBridge.001.dll
Weave behaviours and messages took1 milliseconds
Find all reader and writers took 145 milliseconds
Script Module: Sirenix.OdinInspector.Modules.UnityMathematics.dll
Weave behaviours and messages took7 milliseconds
Mono: successfully reloaded assembly
- Completed reload, in 20.487 seconds
Platform modules already initialized, skipping
========================================================================
Worker process is ready to serve import requests
Shader 'MoreMountains/MMRipple': fallback shader 'Particle/AlphaBlended' not found
Launched and connected shader compiler UnityShaderCompiler.exe after 0.07 seconds
Refreshing native plugins compatible for Editor in 1.90 ms, found 2 plugins.
Preloading 0 native plugins for Editor in 0.00 ms.
Unloading 4907 Unused Serialized files (Serialized files now loaded: 0)
System memory in use before: 257.0 MB.
System memory in use after: 257.1 MB.

Unloading 52 unused Assets to reduce memory usage. Loaded Objects now: 5399.
Total: 34.354800 ms (FindLiveObjects: 0.523100 ms CreateObjectMapping: 0.163700 ms MarkObjects: 33.385700 ms  DeleteObjects: 0.280100 ms)

========================================================================
Received Import Request.
  path: Assets/Animations/Weapons/Slash/Slash.controller
  artifactKey: Guid(4994619d2572e3942bc23405126bbc86) Importer(815301076,1909f56bfc062723c751e8b465ee728b)
Start importing Assets/Animations/Weapons/Slash/Slash.controller using Guid(4994619d2572e3942bc23405126bbc86) Importer(815301076,1909f56bfc062723c751e8b465ee728b)  -> (artifact id: '4549fc7cbcce049d32fde841f86689af') in 0.059700 seconds 
========================================================================
Received Prepare
Registering precompiled user dll's ...
Registered in 0.008519 seconds.
Begin MonoManager ReloadAssembly
Native extension for WindowsStandalone target not found
Native extension for WebGL target not found
Refreshing native plugins compatible for Editor in 1.58 ms, found 2 plugins.
Preloading 0 native plugins for Editor in 0.00 ms.
Mono: successfully reloaded assembly
- Completed reload, in  2.343 seconds
Platform modules already initialized, skipping
Shader 'MoreMountains/MMRipple': fallback shader 'Particle/AlphaBlended' not found
Refreshing native plugins compatible for Editor in 1.51 ms, found 2 plugins.
Preloading 0 native plugins for Editor in 0.00 ms.
Unloading 4843 Unused Serialized files (Serialized files now loaded: 0)
System memory in use before: 251.6 MB.
System memory in use after: 251.7 MB.

Unloading 38 unused Assets to reduce memory usage. Loaded Objects now: 5403.
Total: 30.722600 ms (FindLiveObjects: 0.491000 ms CreateObjectMapping: 0.214600 ms MarkObjects: 29.835200 ms  DeleteObjects: 0.179100 ms)

========================================================================
Received Prepare
Registering precompiled user dll's ...
Registered in 0.008961 seconds.
Begin MonoManager ReloadAssembly
Native extension for WindowsStandalone target not found
Native extension for WebGL target not found
Refreshing native plugins compatible for Editor in 2.78 ms, found 2 plugins.
Preloading 0 native plugins for Editor in 0.00 ms.
Mono: successfully reloaded assembly
- Completed reload, in  3.413 seconds
Platform modules already initialized, skipping
Shader 'MoreMountains/MMRipple': fallback shader 'Particle/AlphaBlended' not found
Refreshing native plugins compatible for Editor in 1.56 ms, found 2 plugins.
Preloading 0 native plugins for Editor in 0.00 ms.
Unloading 4843 Unused Serialized files (Serialized files now loaded: 0)
System memory in use before: 251.7 MB.
System memory in use after: 251.8 MB.

Unloading 38 unused Assets to reduce memory usage. Loaded Objects now: 5407.
Total: 37.509200 ms (FindLiveObjects: 0.583000 ms CreateObjectMapping: 0.180200 ms MarkObjects: 36.472800 ms  DeleteObjects: 0.269900 ms)

========================================================================
Received Prepare
Registering precompiled user dll's ...
Registered in 0.009954 seconds.
Begin MonoManager ReloadAssembly
Native extension for WindowsStandalone target not found
Native extension for WebGL target not found
Refreshing native plugins compatible for Editor in 1.77 ms, found 2 plugins.
Preloading 0 native plugins for Editor in 0.00 ms.
Mono: successfully reloaded assembly
- Completed reload, in  2.510 seconds
Platform modules already initialized, skipping
Shader 'MoreMountains/MMRipple': fallback shader 'Particle/AlphaBlended' not found
Refreshing native plugins compatible for Editor in 1.58 ms, found 2 plugins.
Preloading 0 native plugins for Editor in 0.00 ms.
Unloading 4843 Unused Serialized files (Serialized files now loaded: 0)
System memory in use before: 251.8 MB.
System memory in use after: 251.9 MB.

Unloading 38 unused Assets to reduce memory usage. Loaded Objects now: 5411.
Total: 34.587000 ms (FindLiveObjects: 0.504700 ms CreateObjectMapping: 0.197000 ms MarkObjects: 33.681800 ms  DeleteObjects: 0.200200 ms)

========================================================================
Received Prepare
Registering precompiled user dll's ...
Registered in 0.008639 seconds.
Begin MonoManager ReloadAssembly
Native extension for WindowsStandalone target not found
Native extension for WebGL target not found
Refreshing native plugins compatible for Editor in 1.50 ms, found 2 plugins.
Preloading 0 native plugins for Editor in 0.00 ms.
Mono: successfully reloaded assembly
- Completed reload, in  2.173 seconds
Platform modules already initialized, skipping
Shader 'MoreMountains/MMRipple': fallback shader 'Particle/AlphaBlended' not found
Refreshing native plugins compatible for Editor in 1.56 ms, found 2 plugins.
Preloading 0 native plugins for Editor in 0.00 ms.
Unloading 4843 Unused Serialized files (Serialized files now loaded: 0)
System memory in use before: 251.8 MB.
System memory in use after: 251.9 MB.

Unloading 38 unused Assets to reduce memory usage. Loaded Objects now: 5415.
Total: 29.773200 ms (FindLiveObjects: 0.558900 ms CreateObjectMapping: 0.157000 ms MarkObjects: 28.858100 ms  DeleteObjects: 0.196800 ms)

========================================================================
Received Prepare
Registering precompiled user dll's ...
Registered in 0.033188 seconds.
Begin MonoManager ReloadAssembly
Native extension for WindowsStandalone target not found
Native extension for WebGL target not found
Refreshing native plugins compatible for Editor in 1.46 ms, found 2 plugins.
Preloading 0 native plugins for Editor in 0.00 ms.
Mono: successfully reloaded assembly
- Completed reload, in  2.233 seconds
Platform modules already initialized, skipping
Shader 'MoreMountains/MMRipple': fallback shader 'Particle/AlphaBlended' not found
Refreshing native plugins compatible for Editor in 1.44 ms, found 2 plugins.
Preloading 0 native plugins for Editor in 0.00 ms.
Unloading 4843 Unused Serialized files (Serialized files now loaded: 0)
System memory in use before: 251.6 MB.
System memory in use after: 251.7 MB.

Unloading 38 unused Assets to reduce memory usage. Loaded Objects now: 5419.
Total: 28.981300 ms (FindLiveObjects: 0.444400 ms CreateObjectMapping: 0.144100 ms MarkObjects: 28.226000 ms  DeleteObjects: 0.165300 ms)

========================================================================
Received Prepare
Registering precompiled user dll's ...
Registered in 0.009414 seconds.
Begin MonoManager ReloadAssembly
Native extension for WindowsStandalone target not found
Native extension for WebGL target not found
Refreshing native plugins compatible for Editor in 1.66 ms, found 2 plugins.
Preloading 0 native plugins for Editor in 0.00 ms.
Mono: successfully reloaded assembly
- Completed reload, in  2.466 seconds
Platform modules already initialized, skipping
Shader 'MoreMountains/MMRipple': fallback shader 'Particle/AlphaBlended' not found
Refreshing native plugins compatible for Editor in 1.49 ms, found 2 plugins.
Preloading 0 native plugins for Editor in 0.00 ms.
Unloading 4843 Unused Serialized files (Serialized files now loaded: 0)
System memory in use before: 252.0 MB.
System memory in use after: 252.1 MB.

Unloading 38 unused Assets to reduce memory usage. Loaded Objects now: 5423.
Total: 30.894800 ms (FindLiveObjects: 0.504600 ms CreateObjectMapping: 0.162600 ms MarkObjects: 30.058200 ms  DeleteObjects: 0.167200 ms)

========================================================================
Received Prepare
Registering precompiled user dll's ...
Registered in 0.008990 seconds.
Begin MonoManager ReloadAssembly
Native extension for WindowsStandalone target not found
Native extension for WebGL target not found
Refreshing native plugins compatible for Editor in 1.46 ms, found 2 plugins.
Preloading 0 native plugins for Editor in 0.00 ms.
Mono: successfully reloaded assembly
- Completed reload, in  2.350 seconds
Platform modules already initialized, skipping
Shader 'MoreMountains/MMRipple': fallback shader 'Particle/AlphaBlended' not found
Refreshing native plugins compatible for Editor in 1.65 ms, found 2 plugins.
Preloading 0 native plugins for Editor in 0.00 ms.
Unloading 4843 Unused Serialized files (Serialized files now loaded: 0)
System memory in use before: 252.0 MB.
System memory in use after: 252.2 MB.

Unloading 38 unused Assets to reduce memory usage. Loaded Objects now: 5427.
Total: 30.117300 ms (FindLiveObjects: 0.501100 ms CreateObjectMapping: 0.146900 ms MarkObjects: 29.299300 ms  DeleteObjects: 0.167700 ms)

========================================================================
Received Prepare
Registering precompiled user dll's ...
Registered in 0.010680 seconds.
Begin MonoManager ReloadAssembly
Native extension for WindowsStandalone target not found
Native extension for WebGL target not found
Refreshing native plugins compatible for Editor in 1.53 ms, found 2 plugins.
Preloading 0 native plugins for Editor in 0.00 ms.
Mono: successfully reloaded assembly
- Completed reload, in  2.203 seconds
Platform modules already initialized, skipping
Shader 'MoreMountains/MMRipple': fallback shader 'Particle/AlphaBlended' not found
Refreshing native plugins compatible for Editor in 1.43 ms, found 2 plugins.
Preloading 0 native plugins for Editor in 0.00 ms.
Unloading 4843 Unused Serialized files (Serialized files now loaded: 0)
System memory in use before: 252.0 MB.
System memory in use after: 252.4 MB.

Unloading 38 unused Assets to reduce memory usage. Loaded Objects now: 5431.
Total: 29.620100 ms (FindLiveObjects: 0.497200 ms CreateObjectMapping: 0.160200 ms MarkObjects: 28.645500 ms  DeleteObjects: 0.315100 ms)

========================================================================
Received Prepare
Registering precompiled user dll's ...
Registered in 0.010197 seconds.
Begin MonoManager ReloadAssembly
Native extension for WindowsStandalone target not found
Native extension for WebGL target not found
Refreshing native plugins compatible for Editor in 1.58 ms, found 2 plugins.
Preloading 0 native plugins for Editor in 0.00 ms.
Mono: successfully reloaded assembly
- Completed reload, in  2.286 seconds
Platform modules already initialized, skipping
Shader 'MoreMountains/MMRipple': fallback shader 'Particle/AlphaBlended' not found
Refreshing native plugins compatible for Editor in 1.69 ms, found 2 plugins.
Preloading 0 native plugins for Editor in 0.00 ms.
Unloading 4843 Unused Serialized files (Serialized files now loaded: 0)
System memory in use before: 252.1 MB.
System memory in use after: 252.4 MB.

Unloading 38 unused Assets to reduce memory usage. Loaded Objects now: 5435.
Total: 30.027100 ms (FindLiveObjects: 0.502800 ms CreateObjectMapping: 0.160900 ms MarkObjects: 29.172700 ms  DeleteObjects: 0.188500 ms)

========================================================================
Received Prepare
Registering precompiled user dll's ...
Registered in 0.008942 seconds.
Begin MonoManager ReloadAssembly
Native extension for WindowsStandalone target not found
Native extension for WebGL target not found
Refreshing native plugins compatible for Editor in 1.45 ms, found 2 plugins.
Preloading 0 native plugins for Editor in 0.00 ms.
Mono: successfully reloaded assembly
- Completed reload, in  2.217 seconds
Platform modules already initialized, skipping
Shader 'MoreMountains/MMRipple': fallback shader 'Particle/AlphaBlended' not found
Refreshing native plugins compatible for Editor in 1.59 ms, found 2 plugins.
Preloading 0 native plugins for Editor in 0.00 ms.
Unloading 4843 Unused Serialized files (Serialized files now loaded: 0)
System memory in use before: 251.9 MB.
System memory in use after: 252.2 MB.

Unloading 38 unused Assets to reduce memory usage. Loaded Objects now: 5439.
Total: 29.126700 ms (FindLiveObjects: 0.593700 ms CreateObjectMapping: 0.256200 ms MarkObjects: 28.104700 ms  DeleteObjects: 0.169800 ms)

========================================================================
Received Prepare
Registering precompiled user dll's ...
Registered in 0.009096 seconds.
Begin MonoManager ReloadAssembly
Native extension for WindowsStandalone target not found
Native extension for WebGL target not found
Refreshing native plugins compatible for Editor in 1.51 ms, found 2 plugins.
Preloading 0 native plugins for Editor in 0.00 ms.
Mono: successfully reloaded assembly
- Completed reload, in  2.264 seconds
Platform modules already initialized, skipping
Shader 'MoreMountains/MMRipple': fallback shader 'Particle/AlphaBlended' not found
Refreshing native plugins compatible for Editor in 1.43 ms, found 2 plugins.
Preloading 0 native plugins for Editor in 0.00 ms.
Unloading 4843 Unused Serialized files (Serialized files now loaded: 0)
System memory in use before: 252.1 MB.
System memory in use after: 252.4 MB.

Unloading 38 unused Assets to reduce memory usage. Loaded Objects now: 5443.
Total: 29.991700 ms (FindLiveObjects: 0.763600 ms CreateObjectMapping: 0.243100 ms MarkObjects: 28.782600 ms  DeleteObjects: 0.200000 ms)

========================================================================
Received Prepare
Registering precompiled user dll's ...
Registered in 0.009123 seconds.
Begin MonoManager ReloadAssembly
Native extension for WindowsStandalone target not found
Native extension for WebGL target not found
Refreshing native plugins compatible for Editor in 1.91 ms, found 2 plugins.
Preloading 0 native plugins for Editor in 0.00 ms.
Mono: successfully reloaded assembly
- Completed reload, in  2.215 seconds
Platform modules already initialized, skipping
Shader 'MoreMountains/MMRipple': fallback shader 'Particle/AlphaBlended' not found
Refreshing native plugins compatible for Editor in 1.48 ms, found 2 plugins.
Preloading 0 native plugins for Editor in 0.00 ms.
Unloading 4843 Unused Serialized files (Serialized files now loaded: 0)
System memory in use before: 252.1 MB.
System memory in use after: 252.4 MB.

Unloading 38 unused Assets to reduce memory usage. Loaded Objects now: 5447.
Total: 30.232500 ms (FindLiveObjects: 1.105100 ms CreateObjectMapping: 0.205600 ms MarkObjects: 28.666700 ms  DeleteObjects: 0.251700 ms)

========================================================================
Received Prepare
Registering precompiled user dll's ...
Registered in 0.008670 seconds.
Begin MonoManager ReloadAssembly
Native extension for WindowsStandalone target not found
Native extension for WebGL target not found
Refreshing native plugins compatible for Editor in 1.54 ms, found 2 plugins.
Preloading 0 native plugins for Editor in 0.00 ms.
Mono: successfully reloaded assembly
- Completed reload, in  2.269 seconds
Platform modules already initialized, skipping
Shader 'MoreMountains/MMRipple': fallback shader 'Particle/AlphaBlended' not found
Refreshing native plugins compatible for Editor in 1.48 ms, found 2 plugins.
Preloading 0 native plugins for Editor in 0.00 ms.
Unloading 4843 Unused Serialized files (Serialized files now loaded: 0)
System memory in use before: 252.1 MB.
System memory in use after: 252.4 MB.

Unloading 38 unused Assets to reduce memory usage. Loaded Objects now: 5451.
Total: 32.147800 ms (FindLiveObjects: 0.508700 ms CreateObjectMapping: 0.160500 ms MarkObjects: 31.198300 ms  DeleteObjects: 0.277500 ms)

========================================================================
Received Prepare
Registering precompiled user dll's ...
Registered in 0.009388 seconds.
Begin MonoManager ReloadAssembly
Native extension for WindowsStandalone target not found
Native extension for WebGL target not found
Refreshing native plugins compatible for Editor in 1.43 ms, found 2 plugins.
Preloading 0 native plugins for Editor in 0.00 ms.
Mono: successfully reloaded assembly
- Completed reload, in  2.251 seconds
Platform modules already initialized, skipping
Shader 'MoreMountains/MMRipple': fallback shader 'Particle/AlphaBlended' not found
Refreshing native plugins compatible for Editor in 1.48 ms, found 2 plugins.
Preloading 0 native plugins for Editor in 0.00 ms.
Unloading 4843 Unused Serialized files (Serialized files now loaded: 0)
System memory in use before: 252.1 MB.
System memory in use after: 252.4 MB.

Unloading 38 unused Assets to reduce memory usage. Loaded Objects now: 5455.
Total: 31.215300 ms (FindLiveObjects: 0.533100 ms CreateObjectMapping: 0.174400 ms MarkObjects: 30.241400 ms  DeleteObjects: 0.262900 ms)

========================================================================
Received Prepare
Registering precompiled user dll's ...
Registered in 0.009843 seconds.
Begin MonoManager ReloadAssembly
Native extension for WindowsStandalone target not found
Native extension for WebGL target not found
Refreshing native plugins compatible for Editor in 1.47 ms, found 2 plugins.
Preloading 0 native plugins for Editor in 0.00 ms.
Mono: successfully reloaded assembly
- Completed reload, in  2.331 seconds
Platform modules already initialized, skipping
Shader 'MoreMountains/MMRipple': fallback shader 'Particle/AlphaBlended' not found
Refreshing native plugins compatible for Editor in 1.49 ms, found 2 plugins.
Preloading 0 native plugins for Editor in 0.00 ms.
Unloading 4843 Unused Serialized files (Serialized files now loaded: 0)
System memory in use before: 251.9 MB.
System memory in use after: 252.2 MB.

Unloading 38 unused Assets to reduce memory usage. Loaded Objects now: 5459.
Total: 30.011500 ms (FindLiveObjects: 0.516200 ms CreateObjectMapping: 0.237500 ms MarkObjects: 29.061300 ms  DeleteObjects: 0.194300 ms)

========================================================================
Received Import Request.
  Time since last request: 3099.373499 seconds.
  path: Assets/Animations/Player/Movements/Block/block_right_buildup.anim
  artifactKey: Guid(a953d2d6630156b47a5da25cd54bad0f) Importer(815301076,1909f56bfc062723c751e8b465ee728b)
Start importing Assets/Animations/Player/Movements/Block/block_right_buildup.anim using Guid(a953d2d6630156b47a5da25cd54bad0f) Importer(815301076,1909f56bfc062723c751e8b465ee728b)  -> (artifact id: '082f7c4f0dc0ac3b33888561eb1d1d3b') in 0.032759 seconds 
========================================================================
Received Import Request.
  Time since last request: 10.476255 seconds.
  path: Assets/Animations/Player/Movements/Block/block_left_hit.anim
  artifactKey: Guid(15a961f8ca8a9de44a4828a47a2dfbcb) Importer(815301076,1909f56bfc062723c751e8b465ee728b)
Start importing Assets/Animations/Player/Movements/Block/block_left_hit.anim using Guid(15a961f8ca8a9de44a4828a47a2dfbcb) Importer(815301076,1909f56bfc062723c751e8b465ee728b)  -> (artifact id: '3ab272df1d468b4f8a57370dd9019cf2') in 0.009075 seconds 
========================================================================
Received Import Request.
  Time since last request: 101.267829 seconds.
  path: Assets/Animations/Player/Shield/block_left_hit.anim
  artifactKey: Guid(df3282fedb9d57d4fb7accbe968d39db) Importer(815301076,1909f56bfc062723c751e8b465ee728b)
Start importing Assets/Animations/Player/Shield/block_left_hit.anim using Guid(df3282fedb9d57d4fb7accbe968d39db) Importer(815301076,1909f56bfc062723c751e8b465ee728b)  -> (artifact id: '50b8f120b45e5b7d9ce133fc7fa52391') in 0.004627 seconds 
========================================================================
Received Import Request.
  Time since last request: 36.803287 seconds.
  path: Assets/Animations/Player/Movements/Block/block_right_hit.anim
  artifactKey: Guid(34a7e2ff3a1cc554da67ce13c5e9c802) Importer(815301076,1909f56bfc062723c751e8b465ee728b)
Start importing Assets/Animations/Player/Movements/Block/block_right_hit.anim using Guid(34a7e2ff3a1cc554da67ce13c5e9c802) Importer(815301076,1909f56bfc062723c751e8b465ee728b)  -> (artifact id: '1485f60f2046ddbf06790389be29a467') in 0.013150 seconds 
========================================================================
Received Prepare
Registering precompiled user dll's ...
Registered in 0.008842 seconds.
Begin MonoManager ReloadAssembly
Native extension for WindowsStandalone target not found
Native extension for WebGL target not found
Refreshing native plugins compatible for Editor in 1.48 ms, found 2 plugins.
Preloading 0 native plugins for Editor in 0.00 ms.
Mono: successfully reloaded assembly
- Completed reload, in  2.298 seconds
Platform modules already initialized, skipping
Shader 'MoreMountains/MMRipple': fallback shader 'Particle/AlphaBlended' not found
Refreshing native plugins compatible for Editor in 1.51 ms, found 2 plugins.
Preloading 0 native plugins for Editor in 0.00 ms.
Unloading 4843 Unused Serialized files (Serialized files now loaded: 0)
System memory in use before: 252.1 MB.
System memory in use after: 252.4 MB.

Unloading 38 unused Assets to reduce memory usage. Loaded Objects now: 5463.
Total: 31.705700 ms (FindLiveObjects: 0.864200 ms CreateObjectMapping: 0.511700 ms MarkObjects: 30.125100 ms  DeleteObjects: 0.202000 ms)

========================================================================
Received Prepare
Registering precompiled user dll's ...
Registered in 0.012634 seconds.
Begin MonoManager ReloadAssembly
Native extension for WindowsStandalone target not found
Native extension for WebGL target not found
Refreshing native plugins compatible for Editor in 1.46 ms, found 2 plugins.
Preloading 0 native plugins for Editor in 0.00 ms.
Mono: successfully reloaded assembly
- Completed reload, in  2.384 seconds
Platform modules already initialized, skipping
Shader 'MoreMountains/MMRipple': fallback shader 'Particle/AlphaBlended' not found
Refreshing native plugins compatible for Editor in 1.82 ms, found 2 plugins.
Preloading 0 native plugins for Editor in 0.00 ms.
Unloading 4843 Unused Serialized files (Serialized files now loaded: 0)
System memory in use before: 252.1 MB.
System memory in use after: 252.5 MB.

Unloading 38 unused Assets to reduce memory usage. Loaded Objects now: 5467.
Total: 33.717500 ms (FindLiveObjects: 0.530700 ms CreateObjectMapping: 0.181900 ms MarkObjects: 32.690100 ms  DeleteObjects: 0.311000 ms)

========================================================================
Received Prepare
Registering precompiled user dll's ...
Registered in 0.009381 seconds.
Begin MonoManager ReloadAssembly
Native extension for WindowsStandalone target not found
Native extension for WebGL target not found
Refreshing native plugins compatible for Editor in 1.53 ms, found 2 plugins.
Preloading 0 native plugins for Editor in 0.00 ms.
Mono: successfully reloaded assembly
- Completed reload, in  2.138 seconds
Platform modules already initialized, skipping
Shader 'MoreMountains/MMRipple': fallback shader 'Particle/AlphaBlended' not found
Refreshing native plugins compatible for Editor in 1.48 ms, found 2 plugins.
Preloading 0 native plugins for Editor in 0.00 ms.
Unloading 4843 Unused Serialized files (Serialized files now loaded: 0)
System memory in use before: 252.2 MB.
System memory in use after: 252.5 MB.

Unloading 38 unused Assets to reduce memory usage. Loaded Objects now: 5471.
Total: 29.047900 ms (FindLiveObjects: 0.481300 ms CreateObjectMapping: 0.155200 ms MarkObjects: 28.221500 ms  DeleteObjects: 0.187900 ms)

========================================================================
Received Prepare
Registering precompiled user dll's ...
Registered in 0.009286 seconds.
Begin MonoManager ReloadAssembly
Native extension for WindowsStandalone target not found
Native extension for WebGL target not found
Refreshing native plugins compatible for Editor in 1.66 ms, found 2 plugins.
Preloading 0 native plugins for Editor in 0.00 ms.
Mono: successfully reloaded assembly
- Completed reload, in  2.209 seconds
Platform modules already initialized, skipping
Shader 'MoreMountains/MMRipple': fallback shader 'Particle/AlphaBlended' not found
Refreshing native plugins compatible for Editor in 1.46 ms, found 2 plugins.
Preloading 0 native plugins for Editor in 0.00 ms.
Unloading 4843 Unused Serialized files (Serialized files now loaded: 0)
System memory in use before: 252.2 MB.
System memory in use after: 252.5 MB.

Unloading 38 unused Assets to reduce memory usage. Loaded Objects now: 5475.
Total: 32.677700 ms (FindLiveObjects: 0.472600 ms CreateObjectMapping: 0.149200 ms MarkObjects: 31.854000 ms  DeleteObjects: 0.199800 ms)

========================================================================
Received Prepare
Registering precompiled user dll's ...
Registered in 0.008755 seconds.
Begin MonoManager ReloadAssembly
Native extension for WindowsStandalone target not found
Native extension for WebGL target not found
Refreshing native plugins compatible for Editor in 1.44 ms, found 2 plugins.
Preloading 0 native plugins for Editor in 0.00 ms.
Mono: successfully reloaded assembly
- Completed reload, in  2.279 seconds
Platform modules already initialized, skipping
Shader 'MoreMountains/MMRipple': fallback shader 'Particle/AlphaBlended' not found
Refreshing native plugins compatible for Editor in 1.47 ms, found 2 plugins.
Preloading 0 native plugins for Editor in 0.00 ms.
Unloading 4843 Unused Serialized files (Serialized files now loaded: 0)
System memory in use before: 252.0 MB.
System memory in use after: 252.3 MB.

Unloading 38 unused Assets to reduce memory usage. Loaded Objects now: 5479.
Total: 29.187900 ms (FindLiveObjects: 0.781400 ms CreateObjectMapping: 0.389300 ms MarkObjects: 27.843900 ms  DeleteObjects: 0.171500 ms)

========================================================================
Received Prepare
Registering precompiled user dll's ...
Registered in 0.009683 seconds.
Begin MonoManager ReloadAssembly
Native extension for WindowsStandalone target not found
Native extension for WebGL target not found
Refreshing native plugins compatible for Editor in 1.44 ms, found 2 plugins.
Preloading 0 native plugins for Editor in 0.00 ms.
Mono: successfully reloaded assembly
- Completed reload, in  2.273 seconds
Platform modules already initialized, skipping
Shader 'MoreMountains/MMRipple': fallback shader 'Particle/AlphaBlended' not found
Refreshing native plugins compatible for Editor in 1.49 ms, found 2 plugins.
Preloading 0 native plugins for Editor in 0.00 ms.
Unloading 4843 Unused Serialized files (Serialized files now loaded: 0)
System memory in use before: 252.2 MB.
System memory in use after: 252.5 MB.

Unloading 38 unused Assets to reduce memory usage. Loaded Objects now: 5483.
Total: 29.997900 ms (FindLiveObjects: 0.501000 ms CreateObjectMapping: 0.155300 ms MarkObjects: 29.171300 ms  DeleteObjects: 0.168800 ms)

========================================================================
Received Prepare
Registering precompiled user dll's ...
Registered in 0.008802 seconds.
Begin MonoManager ReloadAssembly
Native extension for WindowsStandalone target not found
Native extension for WebGL target not found
Refreshing native plugins compatible for Editor in 1.69 ms, found 2 plugins.
Preloading 0 native plugins for Editor in 0.00 ms.
Mono: successfully reloaded assembly
- Completed reload, in  2.507 seconds
Platform modules already initialized, skipping
Shader 'MoreMountains/MMRipple': fallback shader 'Particle/AlphaBlended' not found
Refreshing native plugins compatible for Editor in 1.88 ms, found 2 plugins.
Preloading 0 native plugins for Editor in 0.00 ms.
Unloading 4843 Unused Serialized files (Serialized files now loaded: 0)
System memory in use before: 252.2 MB.
System memory in use after: 252.5 MB.

Unloading 38 unused Assets to reduce memory usage. Loaded Objects now: 5487.
Total: 29.912400 ms (FindLiveObjects: 0.490700 ms CreateObjectMapping: 0.188900 ms MarkObjects: 29.041000 ms  DeleteObjects: 0.189200 ms)

========================================================================
Received Prepare
Registering precompiled user dll's ...
Registered in 0.010712 seconds.
Begin MonoManager ReloadAssembly
Native extension for WindowsStandalone target not found
Native extension for WebGL target not found
Refreshing native plugins compatible for Editor in 1.49 ms, found 2 plugins.
Preloading 0 native plugins for Editor in 0.00 ms.
Mono: successfully reloaded assembly
- Completed reload, in  2.266 seconds
Platform modules already initialized, skipping
Shader 'MoreMountains/MMRipple': fallback shader 'Particle/AlphaBlended' not found
Refreshing native plugins compatible for Editor in 1.45 ms, found 2 plugins.
Preloading 0 native plugins for Editor in 0.00 ms.
Unloading 4843 Unused Serialized files (Serialized files now loaded: 0)
System memory in use before: 252.2 MB.
System memory in use after: 252.5 MB.

Unloading 38 unused Assets to reduce memory usage. Loaded Objects now: 5491.
Total: 29.053500 ms (FindLiveObjects: 0.575400 ms CreateObjectMapping: 0.153100 ms MarkObjects: 28.141600 ms  DeleteObjects: 0.180900 ms)

========================================================================
Received Prepare
Registering precompiled user dll's ...
Registered in 0.009548 seconds.
Begin MonoManager ReloadAssembly
Native extension for WindowsStandalone target not found
Native extension for WebGL target not found
Refreshing native plugins compatible for Editor in 1.47 ms, found 2 plugins.
Preloading 0 native plugins for Editor in 0.00 ms.
Mono: successfully reloaded assembly
- Completed reload, in  2.359 seconds
Platform modules already initialized, skipping
Shader 'MoreMountains/MMRipple': fallback shader 'Particle/AlphaBlended' not found
Refreshing native plugins compatible for Editor in 1.68 ms, found 2 plugins.
Preloading 0 native plugins for Editor in 0.00 ms.
Unloading 4843 Unused Serialized files (Serialized files now loaded: 0)
System memory in use before: 252.2 MB.
System memory in use after: 252.5 MB.

Unloading 38 unused Assets to reduce memory usage. Loaded Objects now: 5495.
Total: 32.187600 ms (FindLiveObjects: 0.544300 ms CreateObjectMapping: 0.164000 ms MarkObjects: 31.281800 ms  DeleteObjects: 0.195400 ms)

========================================================================
Received Prepare
Registering precompiled user dll's ...
Registered in 0.009380 seconds.
Begin MonoManager ReloadAssembly
Native extension for WindowsStandalone target not found
Native extension for WebGL target not found
Refreshing native plugins compatible for Editor in 1.43 ms, found 2 plugins.
Preloading 0 native plugins for Editor in 0.00 ms.
Mono: successfully reloaded assembly
- Completed reload, in  2.208 seconds
Platform modules already initialized, skipping
Shader 'MoreMountains/MMRipple': fallback shader 'Particle/AlphaBlended' not found
Refreshing native plugins compatible for Editor in 1.50 ms, found 2 plugins.
Preloading 0 native plugins for Editor in 0.00 ms.
Unloading 4843 Unused Serialized files (Serialized files now loaded: 0)
System memory in use before: 252.0 MB.
System memory in use after: 252.4 MB.

Unloading 38 unused Assets to reduce memory usage. Loaded Objects now: 5499.
Total: 29.501500 ms (FindLiveObjects: 0.523700 ms CreateObjectMapping: 0.199400 ms MarkObjects: 28.583500 ms  DeleteObjects: 0.192600 ms)

========================================================================
Received Prepare
Registering precompiled user dll's ...
Registered in 0.009660 seconds.
Begin MonoManager ReloadAssembly
Native extension for WindowsStandalone target not found
Native extension for WebGL target not found
Refreshing native plugins compatible for Editor in 1.51 ms, found 2 plugins.
Preloading 0 native plugins for Editor in 0.00 ms.
Mono: successfully reloaded assembly
- Completed reload, in  2.219 seconds
Platform modules already initialized, skipping
Shader 'MoreMountains/MMRipple': fallback shader 'Particle/AlphaBlended' not found
Refreshing native plugins compatible for Editor in 1.46 ms, found 2 plugins.
Preloading 0 native plugins for Editor in 0.00 ms.
Unloading 4843 Unused Serialized files (Serialized files now loaded: 0)
System memory in use before: 252.2 MB.
System memory in use after: 252.6 MB.

Unloading 38 unused Assets to reduce memory usage. Loaded Objects now: 5503.
Total: 28.668800 ms (FindLiveObjects: 0.487500 ms CreateObjectMapping: 0.152500 ms MarkObjects: 27.858800 ms  DeleteObjects: 0.167800 ms)

========================================================================
Received Prepare
Registering precompiled user dll's ...
Registered in 0.035451 seconds.
Begin MonoManager ReloadAssembly
Native extension for WindowsStandalone target not found
Native extension for WebGL target not found
Refreshing native plugins compatible for Editor in 1.46 ms, found 2 plugins.
Preloading 0 native plugins for Editor in 0.00 ms.
Mono: successfully reloaded assembly
- Completed reload, in  2.275 seconds
Platform modules already initialized, skipping
Shader 'MoreMountains/MMRipple': fallback shader 'Particle/AlphaBlended' not found
Refreshing native plugins compatible for Editor in 1.44 ms, found 2 plugins.
Preloading 0 native plugins for Editor in 0.00 ms.
Unloading 4843 Unused Serialized files (Serialized files now loaded: 0)
System memory in use before: 252.3 MB.
System memory in use after: 252.6 MB.

Unloading 38 unused Assets to reduce memory usage. Loaded Objects now: 5507.
Total: 29.962400 ms (FindLiveObjects: 0.565800 ms CreateObjectMapping: 0.153600 ms MarkObjects: 29.077400 ms  DeleteObjects: 0.163500 ms)

========================================================================
Received Prepare
Registering precompiled user dll's ...
Registered in 0.008755 seconds.
Begin MonoManager ReloadAssembly
Native extension for WindowsStandalone target not found
Native extension for WebGL target not found
Refreshing native plugins compatible for Editor in 1.53 ms, found 2 plugins.
Preloading 0 native plugins for Editor in 0.00 ms.
Mono: successfully reloaded assembly
- Completed reload, in  2.148 seconds
Platform modules already initialized, skipping
Shader 'MoreMountains/MMRipple': fallback shader 'Particle/AlphaBlended' not found
Refreshing native plugins compatible for Editor in 1.48 ms, found 2 plugins.
Preloading 0 native plugins for Editor in 0.00 ms.
Unloading 4843 Unused Serialized files (Serialized files now loaded: 0)
System memory in use before: 252.3 MB.
System memory in use after: 252.6 MB.

Unloading 38 unused Assets to reduce memory usage. Loaded Objects now: 5511.
Total: 28.586700 ms (FindLiveObjects: 0.458300 ms CreateObjectMapping: 0.156000 ms MarkObjects: 27.799200 ms  DeleteObjects: 0.170900 ms)

========================================================================
Received Prepare
Registering precompiled user dll's ...
Registered in 0.012019 seconds.
Begin MonoManager ReloadAssembly
Native extension for WindowsStandalone target not found
Native extension for WebGL target not found
Refreshing native plugins compatible for Editor in 1.50 ms, found 2 plugins.
Preloading 0 native plugins for Editor in 0.00 ms.
Mono: successfully reloaded assembly
- Completed reload, in  2.408 seconds
Platform modules already initialized, skipping
Shader 'MoreMountains/MMRipple': fallback shader 'Particle/AlphaBlended' not found
Refreshing native plugins compatible for Editor in 1.45 ms, found 2 plugins.
Preloading 0 native plugins for Editor in 0.00 ms.
Unloading 4843 Unused Serialized files (Serialized files now loaded: 0)
System memory in use before: 252.3 MB.
System memory in use after: 252.6 MB.

Unloading 38 unused Assets to reduce memory usage. Loaded Objects now: 5515.
Total: 29.773100 ms (FindLiveObjects: 0.482600 ms CreateObjectMapping: 0.157600 ms MarkObjects: 28.871500 ms  DeleteObjects: 0.259100 ms)

AssetImportWorkerClient::OnTransportError - code=2 error=End of file
