Using pre-set license
Built from '2021.1/staging' branch; Version is '2021.1.5f1 (3737af19df53) revision 3618735'; Using compiler version '192528614'; Build Type 'Release'
OS: 'Windows 10 Pro; OS build 18363.1500; Version 1909; 64bit' Language: 'fr' Physical Memory: 16316 MB
BatchMode: 1, IsHumanControllingUs: 0, StartBugReporterOnCrash: 0, Is64bit: 1, IsPro: 0

 COMMAND LINE ARGUMENTS:
C:\Program Files\UnityEditor\2021.1.5f1\Editor\Unity.exe
-adb2
-batchMode
-noUpm
-name
AssetImportWorker1
-projectPath
D:/Dev/DaxxasWorld
-logFile
Logs/AssetImportWorker1.log
-srvPort
7957
Successfully changed project path to: D:/Dev/DaxxasWorld
D:/Dev/DaxxasWorld
Using Asset Import Pipeline V2.
Refreshing native plugins compatible for Editor in 175.98 ms, found 2 plugins.
Preloading 0 native plugins for Editor in 0.00 ms.
Initialize engine version: 2021.1.5f1 (3737af19df53)
[Subsystems] Discovering subsystems at path C:/Program Files/UnityEditor/2021.1.5f1/Editor/Data/Resources/UnitySubsystems
[Subsystems] Discovering subsystems at path D:/Dev/DaxxasWorld/Assets
GfxDevice: creating device client; threaded=0; jobified=0
Direct3D:
    Version:  Direct3D 11.0 [level 11.1]
    Renderer: NVIDIA GeForce RTX 3080 (ID=0x2206)
    Vendor:   NVIDIA
    VRAM:     10077 MB
    Driver:   27.21.14.6089
Shader 'MoreMountains/MMRipple': fallback shader 'Particle/AlphaBlended' not found
Initialize mono
Mono path[0] = 'C:/Program Files/UnityEditor/2021.1.5f1/Editor/Data/Managed'
Mono path[1] = 'C:/Program Files/UnityEditor/2021.1.5f1/Editor/Data/MonoBleedingEdge/lib/mono/unityjit'
Mono config path = 'C:/Program Files/UnityEditor/2021.1.5f1/Editor/Data/MonoBleedingEdge/etc'
Using monoOptions --debugger-agent=transport=dt_socket,embedding=1,server=y,suspend=n,address=127.0.0.1:56060
Begin MonoManager ReloadAssembly
Registering precompiled unity dll's ...
Register platform support module: C:/Program Files/UnityEditor/2021.1.5f1/Editor/Data/PlaybackEngines/WebGLSupport/UnityEditor.WebGL.Extensions.dll
Register platform support module: C:/Program Files/UnityEditor/2021.1.5f1/Editor/Data/PlaybackEngines/WindowsStandaloneSupport/UnityEditor.WindowsStandalone.Extensions.dll
Registered in 0.003102 seconds.
Native extension for WindowsStandalone target not found
Native extension for WebGL target not found
Refreshing native plugins compatible for Editor in 188.00 ms, found 2 plugins.
Preloading 0 native plugins for Editor in 0.00 ms.
Mono: successfully reloaded assembly
- Completed reload, in  5.586 seconds
Platform modules already initialized, skipping
Registering precompiled user dll's ...
Registered in 0.008961 seconds.
Begin MonoManager ReloadAssembly
Native extension for WindowsStandalone target not found
Native extension for WebGL target not found
Refreshing native plugins compatible for Editor in 185.49 ms, found 2 plugins.
Preloading 0 native plugins for Editor in 0.00 ms.
Find all reader and writers took 166 milliseconds
Script Module: UnityEngine.UI.dll
Weave behaviours and messages took80 milliseconds
Find all reader and writers took 135 milliseconds
Script Module: UnityEngine.TestRunner.dll
Weave behaviours and messages took22 milliseconds
Find all reader and writers took 137 milliseconds
Script Module: Unity.Mathematics.dll
Weave behaviours and messages took178 milliseconds
Find all reader and writers took 134 milliseconds
Script Module: MoreMountains.Feedbacks.dll
Weave behaviours and messages took34 milliseconds
Find all reader and writers took 152 milliseconds
Script Module: Unity.InputSystem.dll
Weave behaviours and messages took200 milliseconds
Find all reader and writers took 119 milliseconds
Script Module: SimpleWebTransport.dll
Weave behaviours and messages took5 milliseconds
Find all reader and writers took 120 milliseconds
Script Module: Unity.VisualScripting.State.dll
Weave behaviours and messages took4 milliseconds
Find all reader and writers took 140 milliseconds
Script Module: Unity.VisualScripting.Core.dll
Weave behaviours and messages took135 milliseconds
Find all reader and writers took 142 milliseconds
Script Module: Unity.VisualScripting.Flow.dll
Weave behaviours and messages took74 milliseconds
Find all reader and writers took 138 milliseconds
Script Module: MoreMountains.NiceVibrations.Haptics.dll
Weave behaviours and messages took7 milliseconds
Find all reader and writers took 127 milliseconds
Script Module: MoreMountains.Feel.Demos.dll
Weave behaviours and messages took10 milliseconds
Find all reader and writers took 155 milliseconds
Script Module: MoreMountains.Tools.dll
Weave behaviours and messages took100 milliseconds
Find all reader and writers took 136 milliseconds
Script Module: Unity.2D.Animation.Runtime.dll
Weave behaviours and messages took6 milliseconds
Find all reader and writers took 149 milliseconds
Script Module: Unity.TextMeshPro.dll
Weave behaviours and messages took88 milliseconds
Find all reader and writers took 122 milliseconds
Script Module: MoreMountains.NiceVibrations.Demos.dll
Weave behaviours and messages took13 milliseconds
Find all reader and writers took 138 milliseconds
Script Module: Cinemachine.dll
Weave behaviours and messages took47 milliseconds
Find all reader and writers took 118 milliseconds
Script Module: Unity.Timeline.dll
Weave behaviours and messages took22 milliseconds
Find all reader and writers took 134 milliseconds
Script Module: Unity.Postprocessing.Runtime.dll
Weave behaviours and messages took27 milliseconds
Find all reader and writers took 130 milliseconds
Script Module: MoreMountains.Feedbacks.MMTools.dll
Weave behaviours and messages took22 milliseconds
Find all reader and writers took 128 milliseconds
Script Module: Assembly-CSharp-firstpass.dll
Weave behaviours and messages took1 milliseconds
Find all reader and writers took 132 milliseconds
Script Module: Telepathy.dll
Weave behaviours and messages took2 milliseconds
Find all reader and writers took 121 milliseconds
Script Module: Unity.2D.SpriteShape.Runtime.dll
Weave behaviours and messages took18 milliseconds
Find all reader and writers took 137 milliseconds
Script Module: Unity.2D.Animation.Triangle.Runtime.dll
Weave behaviours and messages took33 milliseconds
Find all reader and writers took 131 milliseconds
Script Module: MoreMountains.Tools.Feedbacks.dll
Weave behaviours and messages took2 milliseconds
Find all reader and writers took 142 milliseconds
Script Module: Unity.2D.PixelPerfect.dll
Weave behaviours and messages took1 milliseconds
Find all reader and writers took 133 milliseconds
Script Module: Sirenix.OdinInspector.CompatibilityLayer.dll
Weave behaviours and messages took0 milliseconds
Find all reader and writers took 138 milliseconds
Script Module: Mirror.Cloud.dll
Weave behaviours and messages took2 milliseconds
Find all reader and writers took 139 milliseconds
Script Module: Unity.2D.IK.Runtime.dll
Weave behaviours and messages took3 milliseconds
Find all reader and writers took 133 milliseconds
Script Module: kcp2k.dll
Weave behaviours and messages took3 milliseconds
Find all reader and writers took 118 milliseconds
Script Module: Mirror.Examples.Cloud.GUI.dll
Weave behaviours and messages took2 milliseconds
Find all reader and writers took 138 milliseconds
Script Module: MoreMountains.NiceVibrations.dll
Weave behaviours and messages took1 milliseconds
Find all reader and writers took 137 milliseconds
Script Module: Unity.2D.Common.Runtime.dll
Weave behaviours and messages took0 milliseconds
Find all reader and writers took 114 milliseconds
Script Module: Unity.InternalAPIEngineBridge.001.dll
Weave behaviours and messages took0 milliseconds
Find all reader and writers took 121 milliseconds
Script Module: MoreMountains.Feedbacks.NiceVibrations.dll
Weave behaviours and messages took1 milliseconds
Find all reader and writers took 171 milliseconds
Script Module: com.unity.cinemachine.editor.dll
Weave behaviours and messages took33 milliseconds
Find all reader and writers took 151 milliseconds
Script Module: VSSettingsProvider.dll
Weave behaviours and messages took1 milliseconds
Find all reader and writers took 162 milliseconds
Script Module: UnityEditor.TestRunner.dll
Weave behaviours and messages took51 milliseconds
Find all reader and writers took 165 milliseconds
Script Module: ParrelSync.dll
Weave behaviours and messages took2 milliseconds
Find all reader and writers took 129 milliseconds
Script Module: PsdPlugin.dll
Weave behaviours and messages took15 milliseconds
Find all reader and writers took 140 milliseconds
Script Module: Mirror.CompilerSymbols.dll
Weave behaviours and messages took0 milliseconds
Find all reader and writers took 167 milliseconds
Script Module: UnityEditor.UI.dll
Weave behaviours and messages took14 milliseconds
